<?xml version="1.0" encoding="UTF-8"?>
<testsuite name="Select two products of the category &quot;Amor&quot; for add them to the buycar" tests="2" skipped="0" failures="0" errors="0" timestamp="2023-10-26T15:46:51" hostname="DESKTOP-UCB9MFP" time="65.777">
  <properties/>
  <testcase name="Add two products to buy car" classname="Select two products of the category &quot;Amor&quot; for add them to the buycar" time="43.748"/>
  <testcase name="Select one product of the category &quot;Cumpleanios&quot; add and delete to the buycar" classname="Select two products of the category &quot;Amor&quot; for add them to the buycar" time="22.008"/>
  <system-out><![CDATA[]]></system-out>
  <system-err><![CDATA[[Test worker] WARN net.thucydides.core.steps.BaseStepListener - stepStarted: net.thucydides.core.steps.ExecutedStepDescription@1e044120
[Test worker] WARN net.thucydides.core.steps.BaseStepListener - stepStarted: net.thucydides.core.steps.ExecutedStepDescription@1237e0be
[Test worker] WARN net.thucydides.core.steps.BaseStepListener - stepStarted: net.thucydides.core.steps.ExecutedStepDescription@7428de63
oct 26, 2023 10:46:53 AM org.openqa.selenium.remote.DesiredCapabilities chrome
INFORMACIÓN: Using `new ChromeOptions()` is preferred to `DesiredCapabilities.chrome()`
[Test worker] INFO net.serenitybdd.core.webdriver.driverproviders.ProvideNewDriver - Instantiating driver
[Test worker] INFO net.serenitybdd.core.webdriver.driverproviders.ProvideNewDriver - Driver capabilities: Capabilities {acceptInsecureCerts: false, browserName: chrome, chrome.switches: --start-maximized, goog:chromeOptions: {args: [--start-maximized], extensions: []}, loggingPrefs: org.openqa.selenium.logging..., platform: ANY, version: }
Starting ChromeDriver 118.0.5993.70 (e52f33f30b91b4ddfad649acddc39ab570473b86-refs/branch-heads/5993@{#1216}) on port 32037
Only local connections are allowed.
Please see https://chromedriver.chromium.org/security-considerations for suggestions on keeping ChromeDriver safe.
ChromeDriver was started successfully.
oct 26, 2023 10:46:59 AM org.openqa.selenium.remote.ProtocolHandshake createSession
INFORMACIÓN: Detected dialect: W3C
[Test worker] WARN net.thucydides.core.steps.BaseStepListener - stepFinished: current outcome:Add two products to buy car:Given Open page [Fabian abrir pagina [Fabian opens the Pagina para abrir]]
[Test worker] WARN net.thucydides.core.steps.BaseStepListener - stepFinished: current outcome:Add two products to buy car:Given Open page [Fabian abrir pagina [Fabian opens the Pagina para abrir]]
[Test worker] WARN net.thucydides.core.steps.BaseStepListener - stepFinished: current outcome:Add two products to buy car:Given Open page [Fabian abrir pagina [Fabian opens the Pagina para abrir]]
[Test worker] WARN net.thucydides.core.steps.BaseStepListener - stepStarted: net.thucydides.core.steps.ExecutedStepDescription@22c53d82
[Test worker] WARN net.thucydides.core.steps.BaseStepListener - stepStarted: net.thucydides.core.steps.ExecutedStepDescription@7fd987ef
[Test worker] WARN net.thucydides.core.steps.BaseStepListener - stepStarted: net.thucydides.core.steps.ExecutedStepDescription@71ed560f
[Test worker] WARN net.thucydides.core.steps.BaseStepListener - stepFinished: current outcome:Add two products to buy car:Given Open page [Fabian abrir pagina [Fabian opens the Pagina para abrir]], When the customer selects amor category and add two products [Fabian seleccionar producto amor [Fabian clicks on Hypervinculo que redireccionaa la pagina donde se encuentran los productos categoria Amor]]
[Test worker] WARN net.thucydides.core.steps.BaseStepListener - stepStarted: net.thucydides.core.steps.ExecutedStepDescription@3069a360
[Test worker] WARN net.thucydides.core.steps.BaseStepListener - stepFinished: current outcome:Add two products to buy car:Given Open page [Fabian abrir pagina [Fabian opens the Pagina para abrir]], When the customer selects amor category and add two products [Fabian seleccionar producto amor [Fabian clicks on Hypervinculo que redireccionaa la pagina donde se encuentran los productos categoria Amor, Fabian clicks on Seleccion del primer producto que seaniadira al carro de compras]]
[Test worker] WARN net.thucydides.core.steps.BaseStepListener - stepStarted: net.thucydides.core.steps.ExecutedStepDescription@4debbf0
[Test worker] WARN net.thucydides.core.steps.BaseStepListener - stepFinished: current outcome:Add two products to buy car:Given Open page [Fabian abrir pagina [Fabian opens the Pagina para abrir]], When the customer selects amor category and add two products [Fabian seleccionar producto amor [Fabian clicks on Hypervinculo que redireccionaa la pagina donde se encuentran los productos categoria Amor, Fabian clicks on Seleccion del primer producto que seaniadira al carro de compras, Fabian clicks on Agrega el producto seleccionadoal carro de compras]]
[Test worker] WARN net.thucydides.core.steps.BaseStepListener - stepStarted: net.thucydides.core.steps.ExecutedStepDescription@2539cd1c
[Test worker] WARN net.thucydides.core.steps.BaseStepListener - stepFinished: current outcome:Add two products to buy car:Given Open page [Fabian abrir pagina [Fabian opens the Pagina para abrir]], When the customer selects amor category and add two products [Fabian seleccionar producto amor [Fabian clicks on Hypervinculo que redireccionaa la pagina donde se encuentran los productos categoria Amor, Fabian clicks on Seleccion del primer producto que seaniadira al carro de compras, Fabian clicks on Agrega el producto seleccionadoal carro de compras, Fabian clicks on Seguir comprando para seleccionarel producto 2]]
[Test worker] WARN net.thucydides.core.steps.BaseStepListener - stepStarted: net.thucydides.core.steps.ExecutedStepDescription@fe87ddd
[Test worker] WARN net.thucydides.core.steps.BaseStepListener - stepFinished: current outcome:Add two products to buy car:Given Open page [Fabian abrir pagina [Fabian opens the Pagina para abrir]], When the customer selects amor category and add two products [Fabian seleccionar producto amor [Fabian clicks on Hypervinculo que redireccionaa la pagina donde se encuentran los productos categoria Amor, Fabian clicks on Seleccion del primer producto que seaniadira al carro de compras, Fabian clicks on Agrega el producto seleccionadoal carro de compras, Fabian clicks on Seguir comprando para seleccionarel producto 2, Fabian clicks on Seleccion del segundo producto que seaniadira al carro de compras]]
[Test worker] WARN net.thucydides.core.steps.BaseStepListener - stepStarted: net.thucydides.core.steps.ExecutedStepDescription@47f04e4d
[Test worker] WARN net.thucydides.core.steps.BaseStepListener - stepFinished: current outcome:Add two products to buy car:Given Open page [Fabian abrir pagina [Fabian opens the Pagina para abrir]], When the customer selects amor category and add two products [Fabian seleccionar producto amor [Fabian clicks on Hypervinculo que redireccionaa la pagina donde se encuentran los productos categoria Amor, Fabian clicks on Seleccion del primer producto que seaniadira al carro de compras, Fabian clicks on Agrega el producto seleccionadoal carro de compras, Fabian clicks on Seguir comprando para seleccionarel producto 2, Fabian clicks on Seleccion del segundo producto que seaniadira al carro de compras, Fabian clicks on Agrega el producto seleccionadoal carro de compras]]
[Test worker] WARN net.thucydides.core.steps.BaseStepListener - stepFinished: current outcome:Add two products to buy car:Given Open page [Fabian abrir pagina [Fabian opens the Pagina para abrir]], When the customer selects amor category and add two products [Fabian seleccionar producto amor [Fabian clicks on Hypervinculo que redireccionaa la pagina donde se encuentran los productos categoria Amor, Fabian clicks on Seleccion del primer producto que seaniadira al carro de compras, Fabian clicks on Agrega el producto seleccionadoal carro de compras, Fabian clicks on Seguir comprando para seleccionarel producto 2, Fabian clicks on Seleccion del segundo producto que seaniadira al carro de compras, Fabian clicks on Agrega el producto seleccionadoal carro de compras]]
[Test worker] WARN net.thucydides.core.steps.BaseStepListener - stepFinished: current outcome:Add two products to buy car:Given Open page [Fabian abrir pagina [Fabian opens the Pagina para abrir]], When the customer selects amor category and add two products [Fabian seleccionar producto amor [Fabian clicks on Hypervinculo que redireccionaa la pagina donde se encuentran los productos categoria Amor, Fabian clicks on Seleccion del primer producto que seaniadira al carro de compras, Fabian clicks on Agrega el producto seleccionadoal carro de compras, Fabian clicks on Seguir comprando para seleccionarel producto 2, Fabian clicks on Seleccion del segundo producto que seaniadira al carro de compras, Fabian clicks on Agrega el producto seleccionadoal carro de compras]]
[Test worker] WARN net.thucydides.core.steps.BaseStepListener - testFinished: Add two products to buy car:Given Open page [Fabian abrir pagina [Fabian opens the Pagina para abrir]], When the customer selects amor category and add two products [Fabian seleccionar producto amor [Fabian clicks on Hypervinculo que redireccionaa la pagina donde se encuentran los productos categoria Amor, Fabian clicks on Seleccion del primer producto que seaniadira al carro de compras, Fabian clicks on Agrega el producto seleccionadoal carro de compras, Fabian clicks on Seguir comprando para seleccionarel producto 2, Fabian clicks on Seleccion del segundo producto que seaniadira al carro de compras, Fabian clicks on Agrega el producto seleccionadoal carro de compras]]
[Test worker] WARN net.thucydides.core.steps.BaseStepListener - TestOutcomes: [Add two products to buy car:Given Open page [Fabian abrir pagina [Fabian opens the Pagina para abrir]], When the customer selects amor category and add two products [Fabian seleccionar producto amor [Fabian clicks on Hypervinculo que redireccionaa la pagina donde se encuentran los productos categoria Amor, Fabian clicks on Seleccion del primer producto que seaniadira al carro de compras, Fabian clicks on Agrega el producto seleccionadoal carro de compras, Fabian clicks on Seguir comprando para seleccionarel producto 2, Fabian clicks on Seleccion del segundo producto que seaniadira al carro de compras, Fabian clicks on Agrega el producto seleccionadoal carro de compras]]]
[Test worker] WARN net.thucydides.core.steps.BaseStepListener - Final testOutcomes: [Add two products to buy car:Given Open page [Fabian abrir pagina [Fabian opens the Pagina para abrir]], When the customer selects amor category and add two products [Fabian seleccionar producto amor [Fabian clicks on Hypervinculo que redireccionaa la pagina donde se encuentran los productos categoria Amor, Fabian clicks on Seleccion del primer producto que seaniadira al carro de compras, Fabian clicks on Agrega el producto seleccionadoal carro de compras, Fabian clicks on Seguir comprando para seleccionarel producto 2, Fabian clicks on Seleccion del segundo producto que seaniadira al carro de compras, Fabian clicks on Agrega el producto seleccionadoal carro de compras]]]
[Test worker] INFO net.thucydides.core.steps.ConsoleLoggingListener - 
        __    _____ _____ ____ _____   ____   _    ____  ____  _____ ____  
  _     \ \  |_   _| ____/ ___|_   _| |  _ \ / \  / ___|/ ___|| ____|  _ \ 
 (_)_____| |   | | |  _| \___ \ | |   | |_) / _ \ \___ \\___ \|  _| | | | |
  _|_____| |   | | | |___ ___) || |   |  __/ ___ \ ___) |___) | |___| |_| |
 (_)     | |   |_| |_____|____/ |_|   |_| /_/   \_\____/|____/|_____|____/ 
        /_/                                                                

TEST PASSED: Add two products to buy car
----------------------------------------------------------------------------
[Test worker] WARN net.thucydides.core.steps.BaseStepListener - stepStarted: net.thucydides.core.steps.ExecutedStepDescription@39c85c1a
[Test worker] WARN net.thucydides.core.steps.BaseStepListener - stepStarted: net.thucydides.core.steps.ExecutedStepDescription@318c68d5
[Test worker] WARN net.thucydides.core.steps.BaseStepListener - stepStarted: net.thucydides.core.steps.ExecutedStepDescription@76bf1bb8
oct 26, 2023 10:47:35 AM org.openqa.selenium.remote.DesiredCapabilities chrome
INFORMACIÓN: Using `new ChromeOptions()` is preferred to `DesiredCapabilities.chrome()`
[Test worker] INFO net.serenitybdd.core.webdriver.driverproviders.ProvideNewDriver - Instantiating driver
[Test worker] INFO net.serenitybdd.core.webdriver.driverproviders.ProvideNewDriver - Driver capabilities: Capabilities {acceptInsecureCerts: false, browserName: chrome, chrome.switches: --start-maximized, goog:chromeOptions: {args: [--start-maximized], extensions: []}, loggingPrefs: org.openqa.selenium.logging..., platform: ANY, version: }
Starting ChromeDriver 118.0.5993.70 (e52f33f30b91b4ddfad649acddc39ab570473b86-refs/branch-heads/5993@{#1216}) on port 31975
Only local connections are allowed.
Please see https://chromedriver.chromium.org/security-considerations for suggestions on keeping ChromeDriver safe.
ChromeDriver was started successfully.
oct 26, 2023 10:47:39 AM org.openqa.selenium.remote.ProtocolHandshake createSession
INFORMACIÓN: Detected dialect: W3C
[Test worker] WARN net.thucydides.core.steps.BaseStepListener - stepFinished: current outcome:Select one product of the category "Cumpleanios" add and delete to the buycar:Given select the product [Fabian abrir pagina [Fabian opens the Pagina para abrir]]
[Test worker] WARN net.thucydides.core.steps.BaseStepListener - stepFinished: current outcome:Select one product of the category "Cumpleanios" add and delete to the buycar:Given select the product [Fabian abrir pagina [Fabian opens the Pagina para abrir]]
[Test worker] WARN net.thucydides.core.steps.BaseStepListener - stepFinished: current outcome:Select one product of the category "Cumpleanios" add and delete to the buycar:Given select the product [Fabian abrir pagina [Fabian opens the Pagina para abrir]]
[Test worker] WARN net.thucydides.core.steps.BaseStepListener - stepStarted: net.thucydides.core.steps.ExecutedStepDescription@1f43cab7
[Test worker] WARN net.thucydides.core.steps.BaseStepListener - stepStarted: net.thucydides.core.steps.ExecutedStepDescription@4c82b5df
[Test worker] WARN net.thucydides.core.steps.BaseStepListener - stepStarted: net.thucydides.core.steps.ExecutedStepDescription@a6e4897
[Test worker] WARN net.thucydides.core.steps.BaseStepListener - stepFinished: current outcome:Select one product of the category "Cumpleanios" add and delete to the buycar:Given select the product [Fabian abrir pagina [Fabian opens the Pagina para abrir]], When it add the product to the buy car [Fabian seleccionar producto cumpleanios [Fabian clicks on Seleccion categoria cumpleanios]]
[Test worker] WARN net.thucydides.core.steps.BaseStepListener - stepFinished: current outcome:Select one product of the category "Cumpleanios" add and delete to the buycar:Given select the product [Fabian abrir pagina [Fabian opens the Pagina para abrir]], When it add the product to the buy car [Fabian seleccionar producto cumpleanios [Fabian clicks on Seleccion categoria cumpleanios]]
[Test worker] WARN net.thucydides.core.steps.BaseStepListener - stepFinished: current outcome:Select one product of the category "Cumpleanios" add and delete to the buycar:Given select the product [Fabian abrir pagina [Fabian opens the Pagina para abrir]], When it add the product to the buy car [Fabian seleccionar producto cumpleanios [Fabian clicks on Seleccion categoria cumpleanios]]
[Test worker] WARN net.thucydides.core.steps.BaseStepListener - stepStarted: net.thucydides.core.steps.ExecutedStepDescription@3f63a513
[Test worker] WARN net.thucydides.core.steps.BaseStepListener - stepFinished: current outcome:Select one product of the category "Cumpleanios" add and delete to the buycar:Given select the product [Fabian abrir pagina [Fabian opens the Pagina para abrir]], When it add the product to the buy car [Fabian seleccionar producto cumpleanios [Fabian clicks on Seleccion categoria cumpleanios]], And it is deleting to the buy car
[Test worker] WARN net.thucydides.core.steps.BaseStepListener - testFinished: Select one product of the category "Cumpleanios" add and delete to the buycar:Given select the product [Fabian abrir pagina [Fabian opens the Pagina para abrir]], When it add the product to the buy car [Fabian seleccionar producto cumpleanios [Fabian clicks on Seleccion categoria cumpleanios]], And it is deleting to the buy car
[Test worker] WARN net.thucydides.core.steps.BaseStepListener - TestOutcomes: [Add two products to buy car:Given Open page [Fabian abrir pagina [Fabian opens the Pagina para abrir]], When the customer selects amor category and add two products [Fabian seleccionar producto amor [Fabian clicks on Hypervinculo que redireccionaa la pagina donde se encuentran los productos categoria Amor, Fabian clicks on Seleccion del primer producto que seaniadira al carro de compras, Fabian clicks on Agrega el producto seleccionadoal carro de compras, Fabian clicks on Seguir comprando para seleccionarel producto 2, Fabian clicks on Seleccion del segundo producto que seaniadira al carro de compras, Fabian clicks on Agrega el producto seleccionadoal carro de compras]], Select one product of the category "Cumpleanios" add and delete to the buycar:Given select the product [Fabian abrir pagina [Fabian opens the Pagina para abrir]], When it add the product to the buy car [Fabian seleccionar producto cumpleanios [Fabian clicks on Seleccion categoria cumpleanios]], And it is deleting to the buy car]
[Test worker] WARN net.thucydides.core.steps.BaseStepListener - Final testOutcomes: [Add two products to buy car:Given Open page [Fabian abrir pagina [Fabian opens the Pagina para abrir]], When the customer selects amor category and add two products [Fabian seleccionar producto amor [Fabian clicks on Hypervinculo que redireccionaa la pagina donde se encuentran los productos categoria Amor, Fabian clicks on Seleccion del primer producto que seaniadira al carro de compras, Fabian clicks on Agrega el producto seleccionadoal carro de compras, Fabian clicks on Seguir comprando para seleccionarel producto 2, Fabian clicks on Seleccion del segundo producto que seaniadira al carro de compras, Fabian clicks on Agrega el producto seleccionadoal carro de compras]], Select one product of the category "Cumpleanios" add and delete to the buycar:Given select the product [Fabian abrir pagina [Fabian opens the Pagina para abrir]], When it add the product to the buy car [Fabian seleccionar producto cumpleanios [Fabian clicks on Seleccion categoria cumpleanios]], And it is deleting to the buy car]
[Test worker] INFO net.thucydides.core.steps.ConsoleLoggingListener - 
        __    _____ _____ ____ _____   ____   _    ____  ____  _____ ____  
  _     \ \  |_   _| ____/ ___|_   _| |  _ \ / \  / ___|/ ___|| ____|  _ \ 
 (_)_____| |   | | |  _| \___ \ | |   | |_) / _ \ \___ \\___ \|  _| | | | |
  _|_____| |   | | | |___ ___) || |   |  __/ ___ \ ___) |___) | |___| |_| |
 (_)     | |   |_| |_____|____/ |_|   |_| /_/   \_\____/|____/|_____|____/ 
        /_/                                                                

TEST PASSED: Select one product of the category "Cumpleanios" add and delete to the buycar
----------------------------------------------------------------------------
]]></system-err>
</testsuite>
