<?xml version="1.0" encoding="UTF-8"?>
<testsuite name="Reto sqa" tests="1" skipped="0" failures="0" errors="0" timestamp="2023-10-10T15:01:13" hostname="DESKTOP-UCB9MFP" time="13.357">
  <properties/>
  <testcase name="I making a test sqa" classname="Reto sqa" time="13.357"/>
  <system-out><![CDATA[]]></system-out>
  <system-err><![CDATA[[Test worker] WARN net.thucydides.core.steps.BaseStepListener - stepStarted: net.thucydides.core.steps.ExecutedStepDescription@5f59185e
[Test worker] WARN net.thucydides.core.steps.BaseStepListener - stepStarted: net.thucydides.core.steps.ExecutedStepDescription@31c2affc
[Test worker] WARN net.thucydides.core.steps.BaseStepListener - stepStarted: net.thucydides.core.steps.ExecutedStepDescription@6a0ac48e
oct 10, 2023 10:01:14 AM org.openqa.selenium.remote.DesiredCapabilities chrome
INFORMACIÓN: Using `new ChromeOptions()` is preferred to `DesiredCapabilities.chrome()`
[Test worker] INFO net.serenitybdd.core.webdriver.driverproviders.ProvideNewDriver - Instantiating driver
[Test worker] INFO net.serenitybdd.core.webdriver.driverproviders.ProvideNewDriver - Driver capabilities: Capabilities {acceptInsecureCerts: false, browserName: chrome, chrome.switches: --start-maximized, goog:chromeOptions: {args: [--start-maximized], extensions: []}, loggingPrefs: org.openqa.selenium.logging..., platform: ANY, version: }
Starting ChromeDriver 116.0.5845.96 (1a391816688002153ef791ffe60d9e899a71a037-refs/branch-heads/5845@{#1382}) on port 22140
Only local connections are allowed.
Please see https://chromedriver.chromium.org/security-considerations for suggestions on keeping ChromeDriver safe.
ChromeDriver was started successfully.
[1696950079.165][WARNING]: This version of ChromeDriver has not been tested with Chrome version 117.
oct 10, 2023 10:01:19 AM org.openqa.selenium.remote.ProtocolHandshake createSession
INFORMACIÓN: Detected dialect: W3C
[Test worker] WARN net.thucydides.core.steps.BaseStepListener - stepFinished: current outcome:I making a test sqa:Given than Fabian went learn [Fabian abrir pagina [Fabian opens the Pagina para abrir]]
[Test worker] WARN net.thucydides.core.steps.BaseStepListener - stepFinished: current outcome:I making a test sqa:Given than Fabian went learn [Fabian abrir pagina [Fabian opens the Pagina para abrir]]
[Test worker] WARN net.thucydides.core.steps.BaseStepListener - stepFinished: current outcome:I making a test sqa:Given than Fabian went learn [Fabian abrir pagina [Fabian opens the Pagina para abrir]]
[Test worker] WARN net.thucydides.core.steps.BaseStepListener - stepStarted: net.thucydides.core.steps.ExecutedStepDescription@5a936e64
[Test worker] WARN net.thucydides.core.steps.BaseStepListener - stepFinished: current outcome:I making a test sqa:Given than Fabian went learn [Fabian abrir pagina [Fabian opens the Pagina para abrir]], When he searchs a internet page
[Test worker] WARN net.thucydides.core.steps.BaseStepListener - stepStarted: net.thucydides.core.steps.ExecutedStepDescription@6807a356
[Test worker] WARN net.thucydides.core.steps.BaseStepListener - stepFinished: current outcome:I making a test sqa:Given than Fabian went learn [Fabian abrir pagina [Fabian opens the Pagina para abrir]], When he searchs a internet page, Then he inserts the url
[Test worker] WARN net.thucydides.core.steps.BaseStepListener - testFinished: I making a test sqa:Given than Fabian went learn [Fabian abrir pagina [Fabian opens the Pagina para abrir]], When he searchs a internet page, Then he inserts the url
[Test worker] WARN net.thucydides.core.steps.BaseStepListener - TestOutcomes: [I making a test sqa:Given than Fabian went learn [Fabian abrir pagina [Fabian opens the Pagina para abrir]], When he searchs a internet page, Then he inserts the url]
[Test worker] WARN net.thucydides.core.steps.BaseStepListener - Final testOutcomes: [I making a test sqa:Given than Fabian went learn [Fabian abrir pagina [Fabian opens the Pagina para abrir]], When he searchs a internet page, Then he inserts the url]
[Test worker] INFO net.thucydides.core.steps.ConsoleLoggingListener - 
        __    _____ _____ ____ _____   ____   _    ____  ____  _____ ____  
  _     \ \  |_   _| ____/ ___|_   _| |  _ \ / \  / ___|/ ___|| ____|  _ \ 
 (_)_____| |   | | |  _| \___ \ | |   | |_) / _ \ \___ \\___ \|  _| | | | |
  _|_____| |   | | | |___ ___) || |   |  __/ ___ \ ___) |___) | |___| |_| |
 (_)     | |   |_| |_____|____/ |_|   |_| /_/   \_\____/|____/|_____|____/ 
        /_/                                                                

TEST PASSED: I making a test sqa
----------------------------------------------------------------------------
]]></system-err>
</testsuite>
