<?xml version="1.0" encoding="UTF-8"?>
<testsuite name="Select two products of the category &quot;Amor&quot; and add them to the buycar" tests="1" skipped="0" failures="0" errors="0" timestamp="2023-10-23T20:15:24" hostname="DESKTOP-UCB9MFP" time="34.883">
  <properties/>
  <testcase name="Add two products to buy car" classname="Select two products of the category &quot;Amor&quot; and add them to the buycar" time="34.883"/>
  <system-out><![CDATA[]]></system-out>
  <system-err><![CDATA[[Test worker] WARN net.thucydides.core.steps.BaseStepListener - stepStarted: net.thucydides.core.steps.ExecutedStepDescription@2cf23c81
[Test worker] WARN net.thucydides.core.steps.BaseStepListener - stepStarted: net.thucydides.core.steps.ExecutedStepDescription@37b72ea
[Test worker] WARN net.thucydides.core.steps.BaseStepListener - stepStarted: net.thucydides.core.steps.ExecutedStepDescription@2116b68b
oct 23, 2023 3:15:25 PM org.openqa.selenium.remote.DesiredCapabilities chrome
INFORMACIÓN: Using `new ChromeOptions()` is preferred to `DesiredCapabilities.chrome()`
[Test worker] INFO net.serenitybdd.core.webdriver.driverproviders.ProvideNewDriver - Instantiating driver
[Test worker] INFO net.serenitybdd.core.webdriver.driverproviders.ProvideNewDriver - Driver capabilities: Capabilities {acceptInsecureCerts: false, browserName: chrome, chrome.switches: --start-maximized, goog:chromeOptions: {args: [--start-maximized], extensions: []}, loggingPrefs: org.openqa.selenium.logging..., platform: ANY, version: }
Starting ChromeDriver 118.0.5993.70 (e52f33f30b91b4ddfad649acddc39ab570473b86-refs/branch-heads/5993@{#1216}) on port 10383
Only local connections are allowed.
Please see https://chromedriver.chromium.org/security-considerations for suggestions on keeping ChromeDriver safe.
ChromeDriver was started successfully.
oct 23, 2023 3:15:28 PM org.openqa.selenium.remote.ProtocolHandshake createSession
INFORMACIÓN: Detected dialect: W3C
[Test worker] WARN net.thucydides.core.steps.BaseStepListener - stepFinished: current outcome:Add two products to buy car:Given Open page [Fabian abrir pagina [Fabian opens the Pagina para abrir]]
[Test worker] WARN net.thucydides.core.steps.BaseStepListener - stepStarted: net.thucydides.core.steps.ExecutedStepDescription@45c9b3
[Test worker] WARN net.thucydides.core.steps.BaseStepListener - stepFinished: current outcome:Add two products to buy car:Given Open page [Fabian abrir pagina [Fabian opens the Pagina para abrir, Fabian clicks on Hypervinculo que redireccionaa la pagina donde se encuentran los productos categoria Amor]]
[Test worker] WARN net.thucydides.core.steps.BaseStepListener - stepFinished: current outcome:Add two products to buy car:Given Open page [Fabian abrir pagina [Fabian opens the Pagina para abrir, Fabian clicks on Hypervinculo que redireccionaa la pagina donde se encuentran los productos categoria Amor]]
[Test worker] WARN net.thucydides.core.steps.BaseStepListener - stepFinished: current outcome:Add two products to buy car:Given Open page [Fabian abrir pagina [Fabian opens the Pagina para abrir, Fabian clicks on Hypervinculo que redireccionaa la pagina donde se encuentran los productos categoria Amor]]
[Test worker] WARN net.thucydides.core.steps.BaseStepListener - stepStarted: net.thucydides.core.steps.ExecutedStepDescription@30ec7d21
[Test worker] WARN net.thucydides.core.steps.BaseStepListener - stepStarted: net.thucydides.core.steps.ExecutedStepDescription@3440e9cd
[Test worker] WARN net.thucydides.core.steps.BaseStepListener - stepStarted: net.thucydides.core.steps.ExecutedStepDescription@39f5b723
[Test worker] WARN net.thucydides.core.steps.BaseStepListener - stepFinished: current outcome:Add two products to buy car:Given Open page [Fabian abrir pagina [Fabian opens the Pagina para abrir, Fabian clicks on Hypervinculo que redireccionaa la pagina donde se encuentran los productos categoria Amor]], When the customer selects amor category and add two products [Fabian seleccionar producto [Fabian clicks on Seleccion del primer producto que seaniadira al carro de compras]]
[Test worker] WARN net.thucydides.core.steps.BaseStepListener - stepStarted: net.thucydides.core.steps.ExecutedStepDescription@7e4579c7
[Test worker] WARN net.thucydides.core.steps.BaseStepListener - stepFinished: current outcome:Add two products to buy car:Given Open page [Fabian abrir pagina [Fabian opens the Pagina para abrir, Fabian clicks on Hypervinculo que redireccionaa la pagina donde se encuentran los productos categoria Amor]], When the customer selects amor category and add two products [Fabian seleccionar producto [Fabian clicks on Seleccion del primer producto que seaniadira al carro de compras, Fabian clicks on Agrega el producto seleccionadoal carro de compras]]
[Test worker] WARN net.thucydides.core.steps.BaseStepListener - stepStarted: net.thucydides.core.steps.ExecutedStepDescription@35ef439e
[Test worker] WARN net.thucydides.core.steps.BaseStepListener - stepFinished: current outcome:Add two products to buy car:Given Open page [Fabian abrir pagina [Fabian opens the Pagina para abrir, Fabian clicks on Hypervinculo que redireccionaa la pagina donde se encuentran los productos categoria Amor]], When the customer selects amor category and add two products [Fabian seleccionar producto [Fabian clicks on Seleccion del primer producto que seaniadira al carro de compras, Fabian clicks on Agrega el producto seleccionadoal carro de compras, Fabian clicks on Seguir comprando para seleccionarel producto 2]]
[Test worker] WARN net.thucydides.core.steps.BaseStepListener - stepStarted: net.thucydides.core.steps.ExecutedStepDescription@1727e03a
[Test worker] WARN net.thucydides.core.steps.BaseStepListener - stepFinished: current outcome:Add two products to buy car:Given Open page [Fabian abrir pagina [Fabian opens the Pagina para abrir, Fabian clicks on Hypervinculo que redireccionaa la pagina donde se encuentran los productos categoria Amor]], When the customer selects amor category and add two products [Fabian seleccionar producto [Fabian clicks on Seleccion del primer producto que seaniadira al carro de compras, Fabian clicks on Agrega el producto seleccionadoal carro de compras, Fabian clicks on Seguir comprando para seleccionarel producto 2, Fabian clicks on Seleccion del segundo producto que seaniadira al carro de compras]]
[Test worker] WARN net.thucydides.core.steps.BaseStepListener - stepStarted: net.thucydides.core.steps.ExecutedStepDescription@55f4887d
[Test worker] WARN net.thucydides.core.steps.BaseStepListener - stepFinished: current outcome:Add two products to buy car:Given Open page [Fabian abrir pagina [Fabian opens the Pagina para abrir, Fabian clicks on Hypervinculo que redireccionaa la pagina donde se encuentran los productos categoria Amor]], When the customer selects amor category and add two products [Fabian seleccionar producto [Fabian clicks on Seleccion del primer producto que seaniadira al carro de compras, Fabian clicks on Agrega el producto seleccionadoal carro de compras, Fabian clicks on Seguir comprando para seleccionarel producto 2, Fabian clicks on Seleccion del segundo producto que seaniadira al carro de compras, Fabian clicks on Agrega el producto seleccionadoal carro de compras]]
[Test worker] WARN net.thucydides.core.steps.BaseStepListener - stepFinished: current outcome:Add two products to buy car:Given Open page [Fabian abrir pagina [Fabian opens the Pagina para abrir, Fabian clicks on Hypervinculo que redireccionaa la pagina donde se encuentran los productos categoria Amor]], When the customer selects amor category and add two products [Fabian seleccionar producto [Fabian clicks on Seleccion del primer producto que seaniadira al carro de compras, Fabian clicks on Agrega el producto seleccionadoal carro de compras, Fabian clicks on Seguir comprando para seleccionarel producto 2, Fabian clicks on Seleccion del segundo producto que seaniadira al carro de compras, Fabian clicks on Agrega el producto seleccionadoal carro de compras]]
[Test worker] WARN net.thucydides.core.steps.BaseStepListener - stepFinished: current outcome:Add two products to buy car:Given Open page [Fabian abrir pagina [Fabian opens the Pagina para abrir, Fabian clicks on Hypervinculo que redireccionaa la pagina donde se encuentran los productos categoria Amor]], When the customer selects amor category and add two products [Fabian seleccionar producto [Fabian clicks on Seleccion del primer producto que seaniadira al carro de compras, Fabian clicks on Agrega el producto seleccionadoal carro de compras, Fabian clicks on Seguir comprando para seleccionarel producto 2, Fabian clicks on Seleccion del segundo producto que seaniadira al carro de compras, Fabian clicks on Agrega el producto seleccionadoal carro de compras]]
[Test worker] WARN net.thucydides.core.steps.BaseStepListener - stepStarted: net.thucydides.core.steps.ExecutedStepDescription@2eda072
[Test worker] WARN net.thucydides.core.steps.BaseStepListener - stepFinished: current outcome:Add two products to buy car:Given Open page [Fabian abrir pagina [Fabian opens the Pagina para abrir, Fabian clicks on Hypervinculo que redireccionaa la pagina donde se encuentran los productos categoria Amor]], When the customer selects amor category and add two products [Fabian seleccionar producto [Fabian clicks on Seleccion del primer producto que seaniadira al carro de compras, Fabian clicks on Agrega el producto seleccionadoal carro de compras, Fabian clicks on Seguir comprando para seleccionarel producto 2, Fabian clicks on Seleccion del segundo producto que seaniadira al carro de compras, Fabian clicks on Agrega el producto seleccionadoal carro de compras]], Then those products are adding to the buycar
[Test worker] WARN net.thucydides.core.steps.BaseStepListener - testFinished: Add two products to buy car:Given Open page [Fabian abrir pagina [Fabian opens the Pagina para abrir, Fabian clicks on Hypervinculo que redireccionaa la pagina donde se encuentran los productos categoria Amor]], When the customer selects amor category and add two products [Fabian seleccionar producto [Fabian clicks on Seleccion del primer producto que seaniadira al carro de compras, Fabian clicks on Agrega el producto seleccionadoal carro de compras, Fabian clicks on Seguir comprando para seleccionarel producto 2, Fabian clicks on Seleccion del segundo producto que seaniadira al carro de compras, Fabian clicks on Agrega el producto seleccionadoal carro de compras]], Then those products are adding to the buycar
[Test worker] WARN net.thucydides.core.steps.BaseStepListener - TestOutcomes: [Add two products to buy car:Given Open page [Fabian abrir pagina [Fabian opens the Pagina para abrir, Fabian clicks on Hypervinculo que redireccionaa la pagina donde se encuentran los productos categoria Amor]], When the customer selects amor category and add two products [Fabian seleccionar producto [Fabian clicks on Seleccion del primer producto que seaniadira al carro de compras, Fabian clicks on Agrega el producto seleccionadoal carro de compras, Fabian clicks on Seguir comprando para seleccionarel producto 2, Fabian clicks on Seleccion del segundo producto que seaniadira al carro de compras, Fabian clicks on Agrega el producto seleccionadoal carro de compras]], Then those products are adding to the buycar]
[Test worker] WARN net.thucydides.core.steps.BaseStepListener - Final testOutcomes: [Add two products to buy car:Given Open page [Fabian abrir pagina [Fabian opens the Pagina para abrir, Fabian clicks on Hypervinculo que redireccionaa la pagina donde se encuentran los productos categoria Amor]], When the customer selects amor category and add two products [Fabian seleccionar producto [Fabian clicks on Seleccion del primer producto que seaniadira al carro de compras, Fabian clicks on Agrega el producto seleccionadoal carro de compras, Fabian clicks on Seguir comprando para seleccionarel producto 2, Fabian clicks on Seleccion del segundo producto que seaniadira al carro de compras, Fabian clicks on Agrega el producto seleccionadoal carro de compras]], Then those products are adding to the buycar]
[Test worker] INFO net.thucydides.core.steps.ConsoleLoggingListener - 
        __    _____ _____ ____ _____   ____   _    ____  ____  _____ ____  
  _     \ \  |_   _| ____/ ___|_   _| |  _ \ / \  / ___|/ ___|| ____|  _ \ 
 (_)_____| |   | | |  _| \___ \ | |   | |_) / _ \ \___ \\___ \|  _| | | | |
  _|_____| |   | | | |___ ___) || |   |  __/ ___ \ ___) |___) | |___| |_| |
 (_)     | |   |_| |_____|____/ |_|   |_| /_/   \_\____/|____/|_____|____/ 
        /_/                                                                

TEST PASSED: Add two products to buy car
----------------------------------------------------------------------------
]]></system-err>
</testsuite>
